PLINK v1.90b3.44 64-bit (17 Nov 2016)
Options in effect:
  --allow-extra-chr
  --file west
  --make-bed
  --out ../../intermediates/01/binary-west

Hostname: swc-anderson-lt.nmfs.local
Working directory: /Users/eriq/Documents/git-repos/salar_snp_panels/data/processed
Start time: Mon Apr 17 11:51:54 2017

Random number seed: 1492455114
16384 MB RAM detected; reserving 8192 MB for main workspace.
Scanning .ped file...
Possibly irregular .ped line.  Restarting scan, assuming multichar alleles.
.ped scan complete (for binary autoconversion).
Performing single-pass .bed write (4367 variants, 169 people).
--file: ../../intermediates/01/binary-west-temporary.bed +
../../intermediates/01/binary-west-temporary.bim +
../../intermediates/01/binary-west-temporary.fam written.
4367 variants loaded from .bim file.
169 people (0 males, 0 females, 169 ambiguous) loaded from .fam.
Ambiguous sex IDs written to ../../intermediates/01/binary-west.nosex .
Using 1 thread (no multithreaded calculations invoked).
Before main variant filters, 169 founders and 0 nonfounders present.
Calculating allele frequencies... done.
Total genotyping rate is 0.998604.
4367 variants and 169 people pass filters and QC.
Note: No phenotypes present.
--make-bed to ../../intermediates/01/binary-west.bed +
../../intermediates/01/binary-west.bim + ../../intermediates/01/binary-west.fam
... done.

End time: Mon Apr 17 11:51:54 2017
