PLINK v1.90b3.42 64-bit (20 Sep 2016)
Options in effect:
  --allow-extra-chr
  --file ns
  --make-bed
  --out ../../intermediates/01/binary-ns

Hostname: Erics-MacBook-Pro-2.local
Working directory: /Users/eriq/Documents/git-repos/salar_snp_panels/data/processed
Start time: Wed Apr 12 12:19:54 2017

Random number seed: 1492024794
4096 MB RAM detected; reserving 2048 MB for main workspace.
Scanning .ped file... done.
Performing single-pass .bed write (4359 variants, 180 people).
--file: ../../intermediates/01/binary-ns-temporary.bed +
../../intermediates/01/binary-ns-temporary.bim +
../../intermediates/01/binary-ns-temporary.fam written.
4359 variants loaded from .bim file.
180 people (0 males, 0 females, 180 ambiguous) loaded from .fam.
Ambiguous sex IDs written to ../../intermediates/01/binary-ns.nosex .
Using 1 thread (no multithreaded calculations invoked).
Before main variant filters, 180 founders and 0 nonfounders present.
Calculating allele frequencies... done.
Total genotyping rate is 0.998207.
4359 variants and 180 people pass filters and QC.
Note: No phenotypes present.
--make-bed to ../../intermediates/01/binary-ns.bed +
../../intermediates/01/binary-ns.bim + ../../intermediates/01/binary-ns.fam ...
done.

End time: Wed Apr 12 12:19:54 2017
